android/ktvDemoAS/app/build/outputs/logs/manifest-merger-debug-report.txt
-- Merging decision tree log ---
manifest
ADDED from src/main/AndroidManifest.xml:2:1-46:12
	package
		ADDED from src/main/AndroidManifest.xml:3:5-34
		INJECTED from src/main/AndroidManifest.xml
		INJECTED from src/main/AndroidManifest.xml
	android:versionName
		ADDED from src/main/AndroidManifest.xml:5:5-30
		INJECTED from src/main/AndroidManifest.xml
		INJECTED from src/main/AndroidManifest.xml
	android:versionCode
		ADDED from src/main/AndroidManifest.xml:4:5-31
		INJECTED from src/main/AndroidManifest.xml
		INJECTED from src/main/AndroidManifest.xml
	xmlns:android
		ADDED from src/main/AndroidManifest.xml:2:11-69
uses-sdk
ADDED from src/main/AndroidManifest.xml:8:5-10:41
MERGED from [com.android.support:support-v4:23.4.0] AndroidManifest.xml:20:5-43
	android:targetSdkVersion
		ADDED from src/main/AndroidManifest.xml:10:9-38
		INJECTED from src/main/AndroidManifest.xml
		INJECTED from src/main/AndroidManifest.xml
	android:minSdkVersion
		ADDED from src/main/AndroidManifest.xml:9:9-34
		INJECTED from src/main/AndroidManifest.xml
		INJECTED from src/main/AndroidManifest.xml
uses-permission#android.permission.INTERNET
ADDED from src/main/AndroidManifest.xml:13:5-66
	android:name
		ADDED from src/main/AndroidManifest.xml:13:22-64
uses-permission#android.permission.DISABLE_KEYGUARD
ADDED from src/main/AndroidManifest.xml:14:5-75
	android:name
		ADDED from src/main/AndroidManifest.xml:14:22-72
application
ADDED from src/main/AndroidManifest.xml:16:5-44:19
MERGED from [com.android.support:support-v4:23.4.0] AndroidManifest.xml:22:5-20
	android:label
		ADDED from src/main/AndroidManifest.xml:19:9-31
	android:allowBackup
		ADDED from src/main/AndroidManifest.xml:17:9-35
	android:icon
		ADDED from src/main/AndroidManifest.xml:18:9-45
	android:theme
		ADDED from src/main/AndroidManifest.xml:20:9-40
activity#com.hxsmart.icrtest.LoginActivity
ADDED from src/main/AndroidManifest.xml:21:9-30:20
	android:screenOrientation
		ADDED from src/main/AndroidManifest.xml:23:13-50
	android:configChanges
		ADDED from src/main/AndroidManifest.xml:24:13-74
	android:name
		ADDED from src/main/AndroidManifest.xml:22:13-61
intent-filter#android.intent.action.MAIN+android.intent.category.LAUNCHER
ADDED from src/main/AndroidManifest.xml:25:13-29:29
action#android.intent.action.MAIN
ADDED from src/main/AndroidManifest.xml:26:17-69
	android:name
		ADDED from src/main/AndroidManifest.xml:26:25-66
category#android.intent.category.LAUNCHER
ADDED from src/main/AndroidManifest.xml:28:17-77
	android:name
		ADDED from src/main/AndroidManifest.xml:28:27-74
activity#com.hxsmart.icrtest.WorkingActivity
ADDED from src/main/AndroidManifest.xml:31:9-37:20
	android:screenOrientation
		ADDED from src/main/AndroidManifest.xml:34:13-50
	android:label
		ADDED from src/main/AndroidManifest.xml:33:13-35
	android:configChanges
		ADDED from src/main/AndroidManifest.xml:35:13-74
	android:name
		ADDED from src/main/AndroidManifest.xml:32:13-63
activity#com.hxsmart.icrtest.MainActivity
ADDED from src/main/AndroidManifest.xml:38:9-43:20
	android:screenOrientation
		ADDED from src/main/AndroidManifest.xml:40:13-50
	android:label
		ADDED from src/main/AndroidManifest.xml:42:13-35
	android:configChanges
		ADDED from src/main/AndroidManifest.xml:41:13-74
	android:name
		ADDED from src/main/AndroidManifest.xml:39:13-60